2025-04-24 19:46:36,966 - INFO - 开始启动后端服务...
2025-04-24 19:46:36,967 - INFO - 正在初始化数据库...
2025-04-24 19:46:36,970 - INFO - 数据库初始化完成
2025-04-24 19:46:36,970 - INFO - 正在启动算法...
2025-04-24 19:46:36,971 - INFO - 算法启动成功
2025-04-24 19:46:36,971 - INFO - 正在启动日志处理器...
2025-04-24 19:46:36,971 - INFO - 日志处理器启动成功
2025-04-24 19:46:36,971 - INFO - 正在启动VLM服务...
2025-04-24 19:46:36,972 - INFO - VLM服务启动成功
2025-04-24 19:46:36,972 - INFO - 正在验证API密钥...
2025-04-24 19:46:36,973 - INFO - 所有服务已启动，正在运行中...
2025-04-24 19:46:36,973 - INFO - API密钥验证成功
2025-04-24 19:46:36,973 - INFO - VLM服务API密钥验证成功
2025-04-24 19:46:36,974 - INFO - 开始监控新图片...
2025-04-24 19:46:36,976 - INFO - 查询到 5 条未处理的图片记录
2025-04-24 19:46:36,976 - INFO - 找到 5 张未处理的图片
2025-04-24 19:46:36,976 - INFO - 开始处理图片ID: 1, 路径: pictures/2025-04-22_11-15-46_id_1.jpg
2025-04-24 19:46:36,976 - INFO - 正在加载图片: /home/qiu/project/Tracker/pictures/2025-04-22_11-15-46_id_1.jpg
2025-04-24 19:46:36,982 - INFO - 开始图像分析
2025-04-24 19:46:36,982 - INFO - 模型加载成功，开始生成内容...
2025-04-24 19:46:37,654 - INFO - MobileNetV2 Embedder for Deep Sort initialised
2025-04-24 19:46:37,654 - INFO - - gpu enabled: False
2025-04-24 19:46:37,654 - INFO - - half precision: False
2025-04-24 19:46:37,654 - INFO - - max batch size: 16
2025-04-24 19:46:37,654 - INFO - - expects BGR: True
2025-04-24 19:46:37,702 - INFO - DeepSort Tracker initialised
2025-04-24 19:46:37,702 - INFO - - max age: 60
2025-04-24 19:46:37,702 - INFO - - appearance threshold: 0.2
2025-04-24 19:46:37,702 - INFO - - nms threshold: OFF
2025-04-24 19:46:37,702 - INFO - - max num of appearance features: 200
2025-04-24 19:46:37,702 - INFO - - overriding track class : No
2025-04-24 19:46:37,702 - INFO - - today given : No
2025-04-24 19:46:37,702 - INFO - - in-build embedder : Yes
2025-04-24 19:46:37,702 - INFO - - polygon detections : No
